c:\force\forceengine\libraries\dxtk\bin-int\debug-windows-x86_64\dxtk\bc4bc5.obj
c:\force\forceengine\libraries\dxtk\bin-int\debug-windows-x86_64\dxtk\ddstextureloader.obj
c:\force\forceengine\libraries\dxtk\bin-int\debug-windows-x86_64\dxtk\directxtexcompress.obj
c:\force\forceengine\libraries\dxtk\bin-int\debug-windows-x86_64\dxtk\directxtexd3d11.obj
c:\force\forceengine\libraries\dxtk\bin-int\debug-windows-x86_64\dxtk\directxteximage.obj
c:\force\forceengine\libraries\dxtk\bin-int\debug-windows-x86_64\dxtk\directxtexutils.obj
c:\force\forceengine\libraries\dxtk\bin-int\debug-windows-x86_64\dxtk\wictextureloader.obj
c:\force\forceengine\libraries\dxtk\bin-int\debug-windows-x86_64\dxtk\bc.obj
c:\force\forceengine\libraries\dxtk\bin-int\debug-windows-x86_64\dxtk\bc6hbc7.obj
c:\force\forceengine\libraries\dxtk\bin-int\debug-windows-x86_64\dxtk\directxhelpers.obj
c:\force\forceengine\libraries\dxtk\bin-int\debug-windows-x86_64\dxtk\directxtexconvert.obj
c:\force\forceengine\libraries\dxtk\bin-int\debug-windows-x86_64\dxtk\directxtexmipmaps.obj
c:\force\forceengine\libraries\dxtk\bin-int\debug-windows-x86_64\dxtk\directxtexwic.obj
c:\force\forceengine\libraries\dxtk\bin-int\debug-windows-x86_64\dxtk\pch.obj
c:\force\forceengine\libraries\dxtk\bin-int\debug-windows-x86_64\dxtk\dxtk.pdb
c:\force\forceengine\libraries\dxtk\bin\debug-windows-x86_64\dxtk\dxtk.lib
c:\force\forceengine\libraries\dxtk\bin-int\debug-windows-x86_64\dxtk\dxtk.idb
c:\force\forceengine\libraries\dxtk\bin-int\debug-windows-x86_64\dxtk\dxtk.tlog\cl.6748.write.1.tlog
c:\force\forceengine\libraries\dxtk\bin-int\debug-windows-x86_64\dxtk\dxtk.tlog\cl.command.1.tlog
c:\force\forceengine\libraries\dxtk\bin-int\debug-windows-x86_64\dxtk\dxtk.tlog\cl.read.1.tlog
c:\force\forceengine\libraries\dxtk\bin-int\debug-windows-x86_64\dxtk\dxtk.tlog\lib-link.read.1.tlog
c:\force\forceengine\libraries\dxtk\bin-int\debug-windows-x86_64\dxtk\dxtk.tlog\lib-link.write.1.tlog
c:\force\forceengine\libraries\dxtk\bin-int\debug-windows-x86_64\dxtk\dxtk.tlog\lib.command.1.tlog
